<?xml version="1.0" encoding="UTF-8"?>
<Site BuildName="Win32-MSBuild"
	BuildStamp="20230504-1027-Experimental"
	Name="PER-E70-3001"
	Generator="ctest-3.26.3"
	CompilerName="C:/Program Files/Microsoft Visual Studio/2022/Professional/VC/Tools/MSVC/14.35.32215/bin/Hostx64/x64/cl.exe"
	CompilerVersion="19.35.32217.1"
	OSName="Windows"
	Hostname="PER-E70-3001"
	OSRelease=" Professional"
	OSVersion=" (Build 19045)"
	OSPlatform="AMD64"
	Is64Bits="1"
	VendorString="GenuineIntel"
	VendorID="Intel Corporation"
	FamilyID="6"
	ModelID="12"
	ProcessorCacheSize="-1"
	NumberOfLogicalCPU="8"
	NumberOfPhysicalCPU="4"
	TotalVirtualMemory="19080"
	TotalPhysicalMemory="16136"
	LogicalProcessorsPerPhysical="2"
	ProcessorClockFrequency="2394"
	>
	<Testing>
		<StartDateTime>May 04 11:27 GMT Daylight Time</StartDateTime>
		<StartTestTime>1683196039</StartTestTime>
		<TestList/>
		<EndDateTime>May 04 11:27 GMT Daylight Time</EndDateTime>
		<EndTestTime>1683196039</EndTestTime>
		<ElapsedMinutes>0</ElapsedMinutes>
	</Testing>
</Site>
